<?xml version="1.0" encoding="UTF-8"?>
<testng-results ignored="0" total="2" passed="2" failed="0" skipped="0">
  <reporter-output>
    <line>
      <![CDATA[<h3>Execution Report</h3>]]>
    </line>
    <line>
      <![CDATA[<table border='1' style='border-collapse: collapse; width: 75%; text-align: center;'>]]>
    </line>
    <line>
      <![CDATA[<tr><th>Sr. No</th><th>Test Case</th><th>Status</th><th>Time Taken (ms)</th></tr>]]>
    </line>
    <line>
      <![CDATA[<tr><td>1</td><td>Select BONDS Tab \u2192 Invest[https://bonds.motilaloswal.com/]</td><td style='background-color: green;color: white; font-weight: bold;'>Pass</td><td>1996</td></tr>]]>
    </line>
    <line>
      <![CDATA[<tr><td>2</td><td>Corporate bonds</td><td style='background-color: green;color: white; font-weight: bold;'>Pass</td><td>159</td></tr>]]>
    </line>
    <line>
      <![CDATA[<tr><td>3</td><td>Corporate bonds Select any bond</td><td style='background-color: green;color: white; font-weight: bold;'>Pass</td><td>461</td></tr>]]>
    </line>
    <line>
      <![CDATA[<tr><td>4</td><td>Corporate bonds Repayment Schedule year, payment schedule, interest</td><td style='background-color: green;color: white; font-weight: bold;'>Pass</td><td>1280</td></tr>]]>
    </line>
    <line>
      <![CDATA[<tr><td>5</td><td>Corporate bonds Download  → Information Memorandum</td><td style='background-color: green;color: white; font-weight: bold;'>Pass</td><td>1124</td></tr>]]>
    </line>
    <line>
      <![CDATA[<tr><td>6</td><td>Corporate bonds Download → Rating Rationale</td><td style='background-color: green;color: white; font-weight: bold;'>Pass</td><td>1115</td></tr>]]>
    </line>
    <line>
      <![CDATA[<tr><td>7</td><td>Corporate bonds View all FAQs</td><td style='background-color: green;color: white; font-weight: bold;'>Pass</td><td>1053</td></tr>]]>
    </line>
    <line>
      <![CDATA[<tr><td>8</td><td>Government Securities webpage redirection</td><td style='background-color: green;color: white; font-weight: bold;'>Pass</td><td>2076</td></tr>]]>
    </line>
    <line>
      <![CDATA[<tr><td>9</td><td>54 EC bonds Select any bond</td><td style='background-color: green;color: white; font-weight: bold;'>Pass</td><td>1122</td></tr>]]>
    </line>
    <line>
      <![CDATA[<tr><td>10</td><td>54 EC bonds Invest now</td><td style='background-color: green;color: white; font-weight: bold;'>Pass</td><td>1125</td></tr>]]>
    </line>
    <line>
      <![CDATA[<tr><td>11</td><td>54 EC bonds Click on submit button</td><td style='background-color: green;color: white; font-weight: bold;'>Pass</td><td>1072</td></tr>]]>
    </line>
    <line>
      <![CDATA[<tr><td>12</td><td>54 EC bonds issue highlights pdf download</td><td style='background-color: green;color: white; font-weight: bold;'>Pass</td><td>1116</td></tr>]]>
    </line>
    <line>
      <![CDATA[<tr><td>13</td><td>54 EC bonds information pdf download</td><td style='background-color: green;color: white; font-weight: bold;'>Pass</td><td>1093</td></tr>]]>
    </line>
    <line>
      <![CDATA[<tr><td>14</td><td>54 EC bonds Click on check status button</td><td style='background-color: green;color: white; font-weight: bold;'>Pass</td><td>91</td></tr>]]>
    </line>
    <line>
      <![CDATA[<tr><td>15</td><td>NCD public issues webpage redirection</td><td style='background-color: red;color: white; font-weight: bold;'>Fail</td><td>15205</td></tr>]]>
    </line>
    <line>
      <![CDATA[</table>]]>
    </line>
  </reporter-output>
  <suite started-at="2025-08-11T14:53:06 IST" name="Default suite" finished-at="2025-08-11T14:55:05 IST" duration-ms="118460">
    <groups>
    </groups>
    <test started-at="2025-08-11T14:53:06 IST" name="Default test" finished-at="2025-08-11T14:55:05 IST" duration-ms="118460">
      <class name="piyush.Bonds">
        <test-method is-config="true" signature="openbrowser()[pri:0, instance:piyush.Bonds@6a2f6f80]" started-at="2025-08-11T14:53:06 IST" name="openbrowser" finished-at="2025-08-11T14:53:11 IST" duration-ms="5148" status="PASS">
          <reporter-output>
          </reporter-output>
        </test-method> <!-- openbrowser -->
        <test-method signature="Login()[pri:1, instance:piyush.Bonds@6a2f6f80]" started-at="2025-08-11T14:53:11 IST" name="Login" finished-at="2025-08-11T14:54:08 IST" duration-ms="56092" status="PASS">
          <reporter-output>
          </reporter-output>
        </test-method> <!-- Login -->
        <test-method signature="mainMethod()[pri:2, instance:piyush.Bonds@6a2f6f80]" started-at="2025-08-11T14:54:08 IST" name="mainMethod" finished-at="2025-08-11T14:55:05 IST" duration-ms="57157" status="PASS">
          <reporter-output>
            <line>
              <![CDATA[<h3>Execution Report</h3>]]>
            </line>
            <line>
              <![CDATA[<table border='1' style='border-collapse: collapse; width: 75%; text-align: center;'>]]>
            </line>
            <line>
              <![CDATA[<tr><th>Sr. No</th><th>Test Case</th><th>Status</th><th>Time Taken (ms)</th></tr>]]>
            </line>
            <line>
              <![CDATA[<tr><td>1</td><td>Select BONDS Tab \u2192 Invest[https://bonds.motilaloswal.com/]</td><td style='background-color: green;color: white; font-weight: bold;'>Pass</td><td>1996</td></tr>]]>
            </line>
            <line>
              <![CDATA[<tr><td>2</td><td>Corporate bonds</td><td style='background-color: green;color: white; font-weight: bold;'>Pass</td><td>159</td></tr>]]>
            </line>
            <line>
              <![CDATA[<tr><td>3</td><td>Corporate bonds Select any bond</td><td style='background-color: green;color: white; font-weight: bold;'>Pass</td><td>461</td></tr>]]>
            </line>
            <line>
              <![CDATA[<tr><td>4</td><td>Corporate bonds Repayment Schedule year, payment schedule, interest</td><td style='background-color: green;color: white; font-weight: bold;'>Pass</td><td>1280</td></tr>]]>
            </line>
            <line>
              <![CDATA[<tr><td>5</td><td>Corporate bonds Download  → Information Memorandum</td><td style='background-color: green;color: white; font-weight: bold;'>Pass</td><td>1124</td></tr>]]>
            </line>
            <line>
              <![CDATA[<tr><td>6</td><td>Corporate bonds Download → Rating Rationale</td><td style='background-color: green;color: white; font-weight: bold;'>Pass</td><td>1115</td></tr>]]>
            </line>
            <line>
              <![CDATA[<tr><td>7</td><td>Corporate bonds View all FAQs</td><td style='background-color: green;color: white; font-weight: bold;'>Pass</td><td>1053</td></tr>]]>
            </line>
            <line>
              <![CDATA[<tr><td>8</td><td>Government Securities webpage redirection</td><td style='background-color: green;color: white; font-weight: bold;'>Pass</td><td>2076</td></tr>]]>
            </line>
            <line>
              <![CDATA[<tr><td>9</td><td>54 EC bonds Select any bond</td><td style='background-color: green;color: white; font-weight: bold;'>Pass</td><td>1122</td></tr>]]>
            </line>
            <line>
              <![CDATA[<tr><td>10</td><td>54 EC bonds Invest now</td><td style='background-color: green;color: white; font-weight: bold;'>Pass</td><td>1125</td></tr>]]>
            </line>
            <line>
              <![CDATA[<tr><td>11</td><td>54 EC bonds Click on submit button</td><td style='background-color: green;color: white; font-weight: bold;'>Pass</td><td>1072</td></tr>]]>
            </line>
            <line>
              <![CDATA[<tr><td>12</td><td>54 EC bonds issue highlights pdf download</td><td style='background-color: green;color: white; font-weight: bold;'>Pass</td><td>1116</td></tr>]]>
            </line>
            <line>
              <![CDATA[<tr><td>13</td><td>54 EC bonds information pdf download</td><td style='background-color: green;color: white; font-weight: bold;'>Pass</td><td>1093</td></tr>]]>
            </line>
            <line>
              <![CDATA[<tr><td>14</td><td>54 EC bonds Click on check status button</td><td style='background-color: green;color: white; font-weight: bold;'>Pass</td><td>91</td></tr>]]>
            </line>
            <line>
              <![CDATA[<tr><td>15</td><td>NCD public issues webpage redirection</td><td style='background-color: red;color: white; font-weight: bold;'>Fail</td><td>15205</td></tr>]]>
            </line>
            <line>
              <![CDATA[</table>]]>
            </line>
          </reporter-output>
        </test-method> <!-- mainMethod -->
        <test-method is-config="true" signature="closebrowser()[pri:0, instance:piyush.Bonds@6a2f6f80]" started-at="2025-08-11T14:55:05 IST" name="closebrowser" finished-at="2025-08-11T14:55:05 IST" duration-ms="0" status="PASS">
          <reporter-output>
          </reporter-output>
        </test-method> <!-- closebrowser -->
      </class> <!-- piyush.Bonds -->
    </test> <!-- Default test -->
  </suite> <!-- Default suite -->
</testng-results>
